<?xml version="1.0" encoding="UTF-8"?>
<!-- Generated by org.testng.reporters.JUnitReportReporter -->
<testsuite hostname="LAPTOP-PFIONNJC" failures="0" tests="1" name="Pageobject.Loginapplication" time="31.365" errors="0" timestamp="2020-07-30T12:55:46 BST" skipped="0">
  <testcase classname="Pageobject.Loginapplication" name="Login" time="31.365"/>
  <system-out/>
</testsuite> <!-- Pageobject.Loginapplication -->
