<?xml version="1.0" encoding="UTF-8"?>
<!-- Generated by org.testng.reporters.JUnitReportReporter -->
<testsuite hostname="LAPTOP-PFIONNJC" failures="0" tests="1" name="test1.NewTest" time="18.689" errors="0" timestamp="2020-07-23T10:21:46 BST" skipped="0">
  <testcase classname="test1.NewTest" name="f" time="18.689"/>
  <system-out/>
</testsuite> <!-- test1.NewTest -->
