<?xml version="1.0" encoding="UTF-8"?>
<!-- Generated by org.testng.reporters.JUnitReportReporter -->
<testsuite hostname="LAPTOP-PFIONNJC" failures="0" tests="1" name="test1.NgDemo" time="0.044" errors="0" timestamp="2020-07-26T21:28:17 BST" skipped="0">
  <testcase classname="test1.NgDemo" name="SecondDemo" time="0.044"/>
  <system-out/>
</testsuite> <!-- test1.NgDemo -->
